<?xml version="1.0" encoding="UTF-8"?>
<testsuite name="seedu.address.logic.parser.EditCommandParserTest" tests="9" skipped="0" failures="0" errors="0" timestamp="2019-03-17T06:12:57" hostname="jwldeMacBook-Pro.local" time="0.076">
  <properties/>
  <testcase name="parse_resetTags_success" classname="seedu.address.logic.parser.EditCommandParserTest" time="0.0"/>
  <testcase name="parse_someFieldsSpecified_success" classname="seedu.address.logic.parser.EditCommandParserTest" time="0.006"/>
  <testcase name="parse_oneFieldSpecified_success" classname="seedu.address.logic.parser.EditCommandParserTest" time="0.001"/>
  <testcase name="parse_missingParts_failure" classname="seedu.address.logic.parser.EditCommandParserTest" time="0.0"/>
  <testcase name="parse_invalidPreamble_failure" classname="seedu.address.logic.parser.EditCommandParserTest" time="0.001"/>
  <testcase name="parse_allFieldsSpecified_success" classname="seedu.address.logic.parser.EditCommandParserTest" time="0.007"/>
  <testcase name="parse_invalidValue_failure" classname="seedu.address.logic.parser.EditCommandParserTest" time="0.012"/>
  <testcase name="parse_multipleRepeatedFields_acceptsLast" classname="seedu.address.logic.parser.EditCommandParserTest" time="0.037"/>
  <testcase name="parse_invalidValueFollowedByValidValue_success" classname="seedu.address.logic.parser.EditCommandParserTest" time="0.008"/>
  <system-out><![CDATA[]]></system-out>
  <system-err><![CDATA[]]></system-err>
</testsuite>
